\BOOKMARK [1][-]{section.1}{\376\377\000M\000o\000d\000e\000l\000\040\000F\000o\000r\000m\000u\000l\000a\000t\000i\000o\000n}{}% 1
\BOOKMARK [2][-]{subsection.1.1}{\376\377\000P\000r\000o\000b\000l\000e\000m\000\040\000D\000e\000s\000c\000r\000i\000p\000t\000i\000o\000n}{section.1}% 2
\BOOKMARK [3][-]{subsubsection.1.1.1}{\376\377\000K\000e\000y\000\040\000A\000s\000s\000u\000m\000p\000t\000i\000o\000n\000s}{subsection.1.1}% 3
\BOOKMARK [3][-]{subsubsection.1.1.2}{\376\377\000O\000p\000e\000r\000a\000t\000i\000o\000n\000a\000l\000\040\000C\000h\000a\000r\000a\000c\000t\000e\000r\000i\000s\000t\000i\000c\000s}{subsection.1.1}% 4
\BOOKMARK [3][-]{subsubsection.1.1.3}{\376\377\000D\000e\000c\000i\000s\000i\000o\000n\000\040\000F\000r\000a\000m\000e\000w\000o\000r\000k}{subsection.1.1}% 5
\BOOKMARK [2][-]{subsection.1.2}{\376\377\000N\000o\000t\000a\000t\000i\000o\000n\000s}{section.1}% 6
\BOOKMARK [3][-]{subsubsection.1.2.1}{\376\377\000S\000e\000t\000s}{subsection.1.2}% 7
\BOOKMARK [3][-]{subsubsection.1.2.2}{\376\377\000P\000a\000r\000a\000m\000e\000t\000e\000r\000s}{subsection.1.2}% 8
\BOOKMARK [3][-]{subsubsection.1.2.3}{\376\377\000D\000e\000c\000i\000s\000i\000o\000n\000\040\000V\000a\000r\000i\000a\000b\000l\000e\000s}{subsection.1.2}% 9
\BOOKMARK [2][-]{subsection.1.3}{\376\377\000M\000a\000t\000h\000e\000m\000a\000t\000i\000c\000a\000l\000\040\000F\000o\000r\000m\000u\000l\000a\000t\000i\000o\000n}{section.1}% 10
\BOOKMARK [1][-]{section.2}{\376\377\000M\000e\000t\000h\000o\000d\000o\000l\000o\000g\000y}{}% 11
\BOOKMARK [2][-]{subsection.2.1}{\376\377\000S\000o\000l\000u\000t\000i\000o\000n\000\040\000A\000p\000p\000r\000o\000a\000c\000h\000\040\000O\000v\000e\000r\000v\000i\000e\000w}{section.2}% 12
\BOOKMARK [2][-]{subsection.2.2}{\376\377\000P\000h\000a\000s\000e\000\040\0001\000:\000\040\000P\000r\000e\000p\000r\000o\000c\000e\000s\000s\000i\000n\000g\000\040\000a\000n\000d\000\040\000P\000r\000o\000b\000l\000e\000m\000\040\000A\000n\000a\000l\000y\000s\000i\000s}{section.2}% 13
\BOOKMARK [3][-]{subsubsection.2.2.1}{\376\377\000S\000p\000a\000t\000i\000a\000l\000\040\000C\000l\000u\000s\000t\000e\000r\000i\000n\000g\000\040\000v\000i\000a\000\040\000D\000B\000S\000C\000A\000N}{subsection.2.2}% 14
\BOOKMARK [2][-]{subsection.2.3}{\376\377\000P\000h\000a\000s\000e\000\040\0002\000:\000\040\000S\000t\000r\000a\000t\000e\000g\000i\000c\000\040\000P\000l\000a\000n\000n\000i\000n\000g\000\040\000v\000i\000a\000\040\000C\000o\000n\000s\000t\000r\000u\000c\000t\000i\000v\000e\000\040\000H\000e\000u\000r\000i\000s\000t\000i\000c}{section.2}% 15
\BOOKMARK [2][-]{subsection.2.4}{\376\377\000P\000h\000a\000s\000e\000\040\0003\000:\000\040\000T\000a\000c\000t\000i\000c\000a\000l\000\040\000P\000l\000a\000n\000n\000i\000n\000g\000\040\000f\000o\000r\000\040\000R\000e\000g\000i\000o\000n\000a\000l\000\040\000O\000p\000e\000r\000a\000t\000i\000o\000n\000s}{section.2}% 16
\BOOKMARK [2][-]{subsection.2.5}{\376\377\000P\000h\000a\000s\000e\000\040\0004\000:\000\040\000A\000d\000a\000p\000t\000i\000v\000e\000\040\000L\000a\000r\000g\000e\000\040\000N\000e\000i\000g\000h\000b\000o\000r\000h\000o\000o\000d\000\040\000S\000e\000a\000r\000c\000h}{section.2}% 17
\BOOKMARK [3][-]{subsubsection.2.5.1}{\376\377\000D\000e\000s\000t\000r\000o\000y\000\040\000O\000p\000e\000r\000a\000t\000o\000r\000s}{subsection.2.5}% 18
\BOOKMARK [3][-]{subsubsection.2.5.2}{\376\377\000R\000e\000p\000a\000i\000r\000\040\000O\000p\000e\000r\000a\000t\000o\000r\000s}{subsection.2.5}% 19
\BOOKMARK [2][-]{subsection.2.6}{\376\377\000P\000h\000a\000s\000e\000\040\0005\000:\000\040\000L\000o\000c\000a\000l\000\040\000S\000e\000a\000r\000c\000h\000\040\000I\000n\000t\000e\000n\000s\000i\000f\000i\000c\000a\000t\000i\000o\000n}{section.2}% 20
\BOOKMARK [2][-]{subsection.2.7}{\376\377\000P\000h\000a\000s\000e\000\040\0006\000:\000\040\000P\000a\000r\000a\000l\000l\000e\000l\000\040\000R\000e\000g\000i\000o\000n\000a\000l\000\040\000O\000p\000t\000i\000m\000i\000z\000a\000t\000i\000o\000n}{section.2}% 21
\BOOKMARK [3][-]{subsubsection.2.7.1}{\376\377\000P\000a\000r\000a\000l\000l\000e\000l\000\040\000E\000f\000f\000i\000c\000i\000e\000n\000c\000y\000\040\000C\000o\000n\000s\000i\000d\000e\000r\000a\000t\000i\000o\000n\000s}{subsection.2.7}% 22
\BOOKMARK [2][-]{subsection.2.8}{\376\377\000O\000v\000e\000r\000a\000l\000l\000\040\000H\000-\000A\000L\000N\000S\000\040\000F\000r\000a\000m\000e\000w\000o\000r\000k}{section.2}% 23
\BOOKMARK [2][-]{subsection.2.9}{\376\377\000I\000m\000p\000l\000e\000m\000e\000n\000t\000a\000t\000i\000o\000n\000\040\000C\000o\000n\000s\000i\000d\000e\000r\000a\000t\000i\000o\000n\000s}{section.2}% 24
\BOOKMARK [3][-]{subsubsection.2.9.1}{\376\377\000D\000a\000t\000a\000\040\000S\000t\000r\000u\000c\000t\000u\000r\000e\000s}{subsection.2.9}% 25
\BOOKMARK [3][-]{subsubsection.2.9.2}{\376\377\000P\000a\000r\000a\000m\000e\000t\000e\000r\000\040\000T\000u\000n\000i\000n\000g}{subsection.2.9}% 26
\BOOKMARK [2][-]{subsection.2.10}{\376\377\000C\000o\000m\000p\000u\000t\000a\000t\000i\000o\000n\000a\000l\000\040\000C\000o\000m\000p\000l\000e\000x\000i\000t\000y\000\040\000A\000n\000a\000l\000y\000s\000i\000s}{section.2}% 27
